Completed iteration: player_hand_value 4, house_hand_value 4
Completed iteration: player_hand_value 4, house_hand_value 5
Completed iteration: player_hand_value 4, house_hand_value 6
Completed iteration: player_hand_value 4, house_hand_value 7
Completed iteration: player_hand_value 4, house_hand_value 8
Completed iteration: player_hand_value 4, house_hand_value 9
Completed iteration: player_hand_value 4, house_hand_value 10
Completed iteration: player_hand_value 4, house_hand_value 11
Completed iteration: player_hand_value 4, house_hand_value 12
Completed iteration: player_hand_value 4, house_hand_value 13
Completed iteration: player_hand_value 4, house_hand_value 14
Completed iteration: player_hand_value 4, house_hand_value 15
Completed iteration: player_hand_value 4, house_hand_value 16
Completed iteration: player_hand_value 4, house_hand_value 17
Completed iteration: player_hand_value 4, house_hand_value 18
Completed iteration: player_hand_value 4, house_hand_value 19
Completed iteration: player_hand_value 4, house_hand_value 20
Completed iteration: player_hand_value 5, house_hand_value 4
Completed iteration: player_hand_value 5, house_hand_value 5
Completed iteration: player_hand_value 5, house_hand_value 6
Completed iteration: player_hand_value 5, house_hand_value 7
Completed iteration: player_hand_value 5, house_hand_value 8
Completed iteration: player_hand_value 5, house_hand_value 9
Completed iteration: player_hand_value 5, house_hand_value 10
Completed iteration: player_hand_value 5, house_hand_value 11
Completed iteration: player_hand_value 5, house_hand_value 12
Completed iteration: player_hand_value 5, house_hand_value 13
Completed iteration: player_hand_value 5, house_hand_value 14
Completed iteration: player_hand_value 5, house_hand_value 15
Completed iteration: player_hand_value 5, house_hand_value 16
Completed iteration: player_hand_value 5, house_hand_value 17
Completed iteration: player_hand_value 5, house_hand_value 18
Completed iteration: player_hand_value 5, house_hand_value 19
Completed iteration: player_hand_value 5, house_hand_value 20
Completed iteration: player_hand_value 6, house_hand_value 4
Completed iteration: player_hand_value 6, house_hand_value 5
Completed iteration: player_hand_value 6, house_hand_value 6
Completed iteration: player_hand_value 6, house_hand_value 7
Completed iteration: player_hand_value 6, house_hand_value 8
Completed iteration: player_hand_value 6, house_hand_value 9
Completed iteration: player_hand_value 6, house_hand_value 10
Completed iteration: player_hand_value 6, house_hand_value 11
Completed iteration: player_hand_value 6, house_hand_value 12
Completed iteration: player_hand_value 6, house_hand_value 13
Completed iteration: player_hand_value 6, house_hand_value 14
Completed iteration: player_hand_value 6, house_hand_value 15
Completed iteration: player_hand_value 6, house_hand_value 16
Completed iteration: player_hand_value 6, house_hand_value 17
Completed iteration: player_hand_value 6, house_hand_value 18
Completed iteration: player_hand_value 6, house_hand_value 19
Completed iteration: player_hand_value 6, house_hand_value 20
Completed iteration: player_hand_value 7, house_hand_value 4
Completed iteration: player_hand_value 7, house_hand_value 5
Completed iteration: player_hand_value 7, house_hand_value 6
Completed iteration: player_hand_value 7, house_hand_value 7
Completed iteration: player_hand_value 7, house_hand_value 8
Completed iteration: player_hand_value 7, house_hand_value 9
Completed iteration: player_hand_value 7, house_hand_value 10
Completed iteration: player_hand_value 7, house_hand_value 11
Completed iteration: player_hand_value 7, house_hand_value 12
Completed iteration: player_hand_value 7, house_hand_value 13
Completed iteration: player_hand_value 7, house_hand_value 14
Completed iteration: player_hand_value 7, house_hand_value 15
Completed iteration: player_hand_value 7, house_hand_value 16
Completed iteration: player_hand_value 7, house_hand_value 17
Completed iteration: player_hand_value 7, house_hand_value 18
Completed iteration: player_hand_value 7, house_hand_value 19
Completed iteration: player_hand_value 7, house_hand_value 20
Completed iteration: player_hand_value 8, house_hand_value 4
Completed iteration: player_hand_value 8, house_hand_value 5
Completed iteration: player_hand_value 8, house_hand_value 6
Completed iteration: player_hand_value 8, house_hand_value 7
Completed iteration: player_hand_value 8, house_hand_value 8
Completed iteration: player_hand_value 8, house_hand_value 9
Completed iteration: player_hand_value 8, house_hand_value 10
Completed iteration: player_hand_value 8, house_hand_value 11
Completed iteration: player_hand_value 8, house_hand_value 12
Completed iteration: player_hand_value 8, house_hand_value 13
Completed iteration: player_hand_value 8, house_hand_value 14
Completed iteration: player_hand_value 8, house_hand_value 15
Completed iteration: player_hand_value 8, house_hand_value 16
Completed iteration: player_hand_value 8, house_hand_value 17
Completed iteration: player_hand_value 8, house_hand_value 18
Completed iteration: player_hand_value 8, house_hand_value 19
Completed iteration: player_hand_value 8, house_hand_value 20
Completed iteration: player_hand_value 9, house_hand_value 4
Completed iteration: player_hand_value 9, house_hand_value 5
Completed iteration: player_hand_value 9, house_hand_value 6
Completed iteration: player_hand_value 9, house_hand_value 7
Completed iteration: player_hand_value 9, house_hand_value 8
Completed iteration: player_hand_value 9, house_hand_value 9
Completed iteration: player_hand_value 9, house_hand_value 10
Completed iteration: player_hand_value 9, house_hand_value 11
Completed iteration: player_hand_value 9, house_hand_value 12
Completed iteration: player_hand_value 9, house_hand_value 13
Completed iteration: player_hand_value 9, house_hand_value 14
Completed iteration: player_hand_value 9, house_hand_value 15
Completed iteration: player_hand_value 9, house_hand_value 16
Completed iteration: player_hand_value 9, house_hand_value 17
Completed iteration: player_hand_value 9, house_hand_value 18
Completed iteration: player_hand_value 9, house_hand_value 19
Completed iteration: player_hand_value 9, house_hand_value 20
Completed iteration: player_hand_value 10, house_hand_value 4
Completed iteration: player_hand_value 10, house_hand_value 5
Completed iteration: player_hand_value 10, house_hand_value 6
Completed iteration: player_hand_value 10, house_hand_value 7
Completed iteration: player_hand_value 10, house_hand_value 8
Completed iteration: player_hand_value 10, house_hand_value 9
Completed iteration: player_hand_value 10, house_hand_value 10
Completed iteration: player_hand_value 10, house_hand_value 11
Completed iteration: player_hand_value 10, house_hand_value 12
Completed iteration: player_hand_value 10, house_hand_value 13
Completed iteration: player_hand_value 10, house_hand_value 14
Completed iteration: player_hand_value 10, house_hand_value 15
Completed iteration: player_hand_value 10, house_hand_value 16
Completed iteration: player_hand_value 10, house_hand_value 17
Completed iteration: player_hand_value 10, house_hand_value 18
Completed iteration: player_hand_value 10, house_hand_value 19
Completed iteration: player_hand_value 10, house_hand_value 20
Completed iteration: player_hand_value 11, house_hand_value 4
Completed iteration: player_hand_value 11, house_hand_value 5
Completed iteration: player_hand_value 11, house_hand_value 6
Completed iteration: player_hand_value 11, house_hand_value 7
Completed iteration: player_hand_value 11, house_hand_value 8
Completed iteration: player_hand_value 11, house_hand_value 9
Completed iteration: player_hand_value 11, house_hand_value 10
Completed iteration: player_hand_value 11, house_hand_value 11
Completed iteration: player_hand_value 11, house_hand_value 12
Completed iteration: player_hand_value 11, house_hand_value 13
Completed iteration: player_hand_value 11, house_hand_value 14
Completed iteration: player_hand_value 11, house_hand_value 15
Completed iteration: player_hand_value 11, house_hand_value 16
Completed iteration: player_hand_value 11, house_hand_value 17
Completed iteration: player_hand_value 11, house_hand_value 18
Completed iteration: player_hand_value 11, house_hand_value 19
Completed iteration: player_hand_value 11, house_hand_value 20
Completed iteration: player_hand_value 12, house_hand_value 4
Completed iteration: player_hand_value 12, house_hand_value 5
Completed iteration: player_hand_value 12, house_hand_value 6
Completed iteration: player_hand_value 12, house_hand_value 7
Completed iteration: player_hand_value 12, house_hand_value 8
Completed iteration: player_hand_value 12, house_hand_value 9
Completed iteration: player_hand_value 12, house_hand_value 10
Completed iteration: player_hand_value 12, house_hand_value 11
Completed iteration: player_hand_value 12, house_hand_value 12
Completed iteration: player_hand_value 12, house_hand_value 13
Completed iteration: player_hand_value 12, house_hand_value 14
Completed iteration: player_hand_value 12, house_hand_value 15
Completed iteration: player_hand_value 12, house_hand_value 16
Completed iteration: player_hand_value 12, house_hand_value 17
Completed iteration: player_hand_value 12, house_hand_value 18
Completed iteration: player_hand_value 12, house_hand_value 19
Completed iteration: player_hand_value 12, house_hand_value 20
Completed iteration: player_hand_value 13, house_hand_value 4
Completed iteration: player_hand_value 13, house_hand_value 5
Completed iteration: player_hand_value 13, house_hand_value 6
Completed iteration: player_hand_value 13, house_hand_value 7
Completed iteration: player_hand_value 13, house_hand_value 8
Completed iteration: player_hand_value 13, house_hand_value 9
Completed iteration: player_hand_value 13, house_hand_value 10
Completed iteration: player_hand_value 13, house_hand_value 11
Completed iteration: player_hand_value 13, house_hand_value 12
Completed iteration: player_hand_value 13, house_hand_value 13
Completed iteration: player_hand_value 13, house_hand_value 14
Completed iteration: player_hand_value 13, house_hand_value 15
Completed iteration: player_hand_value 13, house_hand_value 16
Completed iteration: player_hand_value 13, house_hand_value 17
Completed iteration: player_hand_value 13, house_hand_value 18
Completed iteration: player_hand_value 13, house_hand_value 19
Completed iteration: player_hand_value 13, house_hand_value 20
Completed iteration: player_hand_value 14, house_hand_value 4
Completed iteration: player_hand_value 14, house_hand_value 5
Completed iteration: player_hand_value 14, house_hand_value 6
Completed iteration: player_hand_value 14, house_hand_value 7
Completed iteration: player_hand_value 14, house_hand_value 8
Completed iteration: player_hand_value 14, house_hand_value 9
Completed iteration: player_hand_value 14, house_hand_value 10
Completed iteration: player_hand_value 14, house_hand_value 11
Completed iteration: player_hand_value 14, house_hand_value 12
Completed iteration: player_hand_value 14, house_hand_value 13
Completed iteration: player_hand_value 14, house_hand_value 14
Completed iteration: player_hand_value 14, house_hand_value 15
Completed iteration: player_hand_value 14, house_hand_value 16
Completed iteration: player_hand_value 14, house_hand_value 17
Completed iteration: player_hand_value 14, house_hand_value 18
Completed iteration: player_hand_value 14, house_hand_value 19
Completed iteration: player_hand_value 14, house_hand_value 20
Completed iteration: player_hand_value 15, house_hand_value 4
Completed iteration: player_hand_value 15, house_hand_value 5
Completed iteration: player_hand_value 15, house_hand_value 6
Completed iteration: player_hand_value 15, house_hand_value 7
Completed iteration: player_hand_value 15, house_hand_value 8
Completed iteration: player_hand_value 15, house_hand_value 9
Completed iteration: player_hand_value 15, house_hand_value 10
Completed iteration: player_hand_value 15, house_hand_value 11
Completed iteration: player_hand_value 15, house_hand_value 12
Completed iteration: player_hand_value 15, house_hand_value 13
Completed iteration: player_hand_value 15, house_hand_value 14
Completed iteration: player_hand_value 15, house_hand_value 15
Completed iteration: player_hand_value 15, house_hand_value 16
Completed iteration: player_hand_value 15, house_hand_value 17
Completed iteration: player_hand_value 15, house_hand_value 18
Completed iteration: player_hand_value 15, house_hand_value 19
Completed iteration: player_hand_value 15, house_hand_value 20
Completed iteration: player_hand_value 16, house_hand_value 4
Completed iteration: player_hand_value 16, house_hand_value 5
Completed iteration: player_hand_value 16, house_hand_value 6
Completed iteration: player_hand_value 16, house_hand_value 7
Completed iteration: player_hand_value 16, house_hand_value 8
Completed iteration: player_hand_value 16, house_hand_value 9
Completed iteration: player_hand_value 16, house_hand_value 10
Completed iteration: player_hand_value 16, house_hand_value 11
Completed iteration: player_hand_value 16, house_hand_value 12
Completed iteration: player_hand_value 16, house_hand_value 13
Completed iteration: player_hand_value 16, house_hand_value 14
Completed iteration: player_hand_value 16, house_hand_value 15
Completed iteration: player_hand_value 16, house_hand_value 16
Completed iteration: player_hand_value 16, house_hand_value 17
Completed iteration: player_hand_value 16, house_hand_value 18
Completed iteration: player_hand_value 16, house_hand_value 19
Completed iteration: player_hand_value 16, house_hand_value 20
Completed iteration: player_hand_value 17, house_hand_value 4
Completed iteration: player_hand_value 17, house_hand_value 5
Completed iteration: player_hand_value 17, house_hand_value 6
Completed iteration: player_hand_value 17, house_hand_value 7
Completed iteration: player_hand_value 17, house_hand_value 8
Completed iteration: player_hand_value 17, house_hand_value 9
Completed iteration: player_hand_value 17, house_hand_value 10
Completed iteration: player_hand_value 17, house_hand_value 11
Completed iteration: player_hand_value 17, house_hand_value 12
Completed iteration: player_hand_value 17, house_hand_value 13
Completed iteration: player_hand_value 17, house_hand_value 14
Completed iteration: player_hand_value 17, house_hand_value 15
Completed iteration: player_hand_value 17, house_hand_value 16
Completed iteration: player_hand_value 17, house_hand_value 17
Completed iteration: player_hand_value 17, house_hand_value 18
Completed iteration: player_hand_value 17, house_hand_value 19
Completed iteration: player_hand_value 17, house_hand_value 20
Completed iteration: player_hand_value 18, house_hand_value 4
Completed iteration: player_hand_value 18, house_hand_value 5
Completed iteration: player_hand_value 18, house_hand_value 6
Completed iteration: player_hand_value 18, house_hand_value 7
Completed iteration: player_hand_value 18, house_hand_value 8
Completed iteration: player_hand_value 18, house_hand_value 9
Completed iteration: player_hand_value 18, house_hand_value 10
Completed iteration: player_hand_value 18, house_hand_value 11
Completed iteration: player_hand_value 18, house_hand_value 12
Completed iteration: player_hand_value 18, house_hand_value 13
Completed iteration: player_hand_value 18, house_hand_value 14
Completed iteration: player_hand_value 18, house_hand_value 15
Completed iteration: player_hand_value 18, house_hand_value 16
Completed iteration: player_hand_value 18, house_hand_value 17
Completed iteration: player_hand_value 18, house_hand_value 18
Completed iteration: player_hand_value 18, house_hand_value 19
Completed iteration: player_hand_value 18, house_hand_value 20
Completed iteration: player_hand_value 19, house_hand_value 4
Completed iteration: player_hand_value 19, house_hand_value 5
Completed iteration: player_hand_value 19, house_hand_value 6
Completed iteration: player_hand_value 19, house_hand_value 7
Completed iteration: player_hand_value 19, house_hand_value 8
Completed iteration: player_hand_value 19, house_hand_value 9
Completed iteration: player_hand_value 19, house_hand_value 10
Completed iteration: player_hand_value 19, house_hand_value 11
Completed iteration: player_hand_value 19, house_hand_value 12
Completed iteration: player_hand_value 19, house_hand_value 13
Completed iteration: player_hand_value 19, house_hand_value 14
Completed iteration: player_hand_value 19, house_hand_value 15
Completed iteration: player_hand_value 19, house_hand_value 16
Completed iteration: player_hand_value 19, house_hand_value 17
Completed iteration: player_hand_value 19, house_hand_value 18
Completed iteration: player_hand_value 19, house_hand_value 19
Completed iteration: player_hand_value 19, house_hand_value 20
Completed iteration: player_hand_value 20, house_hand_value 4
Completed iteration: player_hand_value 20, house_hand_value 5
Completed iteration: player_hand_value 20, house_hand_value 6
Completed iteration: player_hand_value 20, house_hand_value 7
Completed iteration: player_hand_value 20, house_hand_value 8
Completed iteration: player_hand_value 20, house_hand_value 9
Completed iteration: player_hand_value 20, house_hand_value 10
Completed iteration: player_hand_value 20, house_hand_value 11
Completed iteration: player_hand_value 20, house_hand_value 12
Completed iteration: player_hand_value 20, house_hand_value 13
Completed iteration: player_hand_value 20, house_hand_value 14
Completed iteration: player_hand_value 20, house_hand_value 15
Completed iteration: player_hand_value 20, house_hand_value 16
Completed iteration: player_hand_value 20, house_hand_value 17
Completed iteration: player_hand_value 20, house_hand_value 18
Completed iteration: player_hand_value 20, house_hand_value 19
Completed iteration: player_hand_value 20, house_hand_value 20
Simulation Complete!
Process SpawnPoolWorker-8:
Process SpawnPoolWorker-2:
Traceback (most recent call last):
  File "/opt/homebrew/Cellar/python@3.12/3.12.5/Frameworks/Python.framework/Versions/3.12/lib/python3.12/multiprocessing/pool.py", line 131, in worker
    put((job, i, result))
  File "/opt/homebrew/Cellar/python@3.12/3.12.5/Frameworks/Python.framework/Versions/3.12/lib/python3.12/multiprocessing/queues.py", line 399, in put
    self._writer.send_bytes(obj)
  File "/opt/homebrew/Cellar/python@3.12/3.12.5/Frameworks/Python.framework/Versions/3.12/lib/python3.12/multiprocessing/connection.py", line 200, in send_bytes
    self._send_bytes(m[offset:offset + size])
  File "/opt/homebrew/Cellar/python@3.12/3.12.5/Frameworks/Python.framework/Versions/3.12/lib/python3.12/multiprocessing/connection.py", line 427, in _send_bytes
    self._send(header + buf)
  File "/opt/homebrew/Cellar/python@3.12/3.12.5/Frameworks/Python.framework/Versions/3.12/lib/python3.12/multiprocessing/connection.py", line 384, in _send
    n = write(self._handle, buf)
        ^^^^^^^^^^^^^^^^^^^^^^^^
BrokenPipeError: [Errno 32] Broken pipe

During handling of the above exception, another exception occurred:

Traceback (most recent call last):
  File "/opt/homebrew/Cellar/python@3.12/3.12.5/Frameworks/Python.framework/Versions/3.12/lib/python3.12/multiprocessing/process.py", line 314, in _bootstrap
    self.run()
  File "/opt/homebrew/Cellar/python@3.12/3.12.5/Frameworks/Python.framework/Versions/3.12/lib/python3.12/multiprocessing/process.py", line 108, in run
    self._target(*self._args, **self._kwargs)
  File "/opt/homebrew/Cellar/python@3.12/3.12.5/Frameworks/Python.framework/Versions/3.12/lib/python3.12/multiprocessing/pool.py", line 136, in worker
    put((job, i, (False, wrapped)))
  File "/opt/homebrew/Cellar/python@3.12/3.12.5/Frameworks/Python.framework/Versions/3.12/lib/python3.12/multiprocessing/queues.py", line 399, in put
    self._writer.send_bytes(obj)
  File "/opt/homebrew/Cellar/python@3.12/3.12.5/Frameworks/Python.framework/Versions/3.12/lib/python3.12/multiprocessing/connection.py", line 200, in send_bytes
    self._send_bytes(m[offset:offset + size])
  File "/opt/homebrew/Cellar/python@3.12/3.12.5/Frameworks/Python.framework/Versions/3.12/lib/python3.12/multiprocessing/connection.py", line 427, in _send_bytes
    self._send(header + buf)
  File "/opt/homebrew/Cellar/python@3.12/3.12.5/Frameworks/Python.framework/Versions/3.12/lib/python3.12/multiprocessing/connection.py", line 384, in _send
    n = write(self._handle, buf)
        ^^^^^^^^^^^^^^^^^^^^^^^^
BrokenPipeError: [Errno 32] Broken pipe
Traceback (most recent call last):
  File "/opt/homebrew/Cellar/python@3.12/3.12.5/Frameworks/Python.framework/Versions/3.12/lib/python3.12/multiprocessing/pool.py", line 131, in worker
    put((job, i, result))
  File "/opt/homebrew/Cellar/python@3.12/3.12.5/Frameworks/Python.framework/Versions/3.12/lib/python3.12/multiprocessing/queues.py", line 399, in put
    self._writer.send_bytes(obj)
  File "/opt/homebrew/Cellar/python@3.12/3.12.5/Frameworks/Python.framework/Versions/3.12/lib/python3.12/multiprocessing/connection.py", line 200, in send_bytes
    self._send_bytes(m[offset:offset + size])
  File "/opt/homebrew/Cellar/python@3.12/3.12.5/Frameworks/Python.framework/Versions/3.12/lib/python3.12/multiprocessing/connection.py", line 427, in _send_bytes
    self._send(header + buf)
  File "/opt/homebrew/Cellar/python@3.12/3.12.5/Frameworks/Python.framework/Versions/3.12/lib/python3.12/multiprocessing/connection.py", line 384, in _send
    n = write(self._handle, buf)
        ^^^^^^^^^^^^^^^^^^^^^^^^
BrokenPipeError: [Errno 32] Broken pipe

During handling of the above exception, another exception occurred:

Traceback (most recent call last):
  File "/opt/homebrew/Cellar/python@3.12/3.12.5/Frameworks/Python.framework/Versions/3.12/lib/python3.12/multiprocessing/process.py", line 314, in _bootstrap
    self.run()
  File "/opt/homebrew/Cellar/python@3.12/3.12.5/Frameworks/Python.framework/Versions/3.12/lib/python3.12/multiprocessing/process.py", line 108, in run
    self._target(*self._args, **self._kwargs)
  File "/opt/homebrew/Cellar/python@3.12/3.12.5/Frameworks/Python.framework/Versions/3.12/lib/python3.12/multiprocessing/pool.py", line 136, in worker
    put((job, i, (False, wrapped)))
  File "/opt/homebrew/Cellar/python@3.12/3.12.5/Frameworks/Python.framework/Versions/3.12/lib/python3.12/multiprocessing/queues.py", line 399, in put
    self._writer.send_bytes(obj)
  File "/opt/homebrew/Cellar/python@3.12/3.12.5/Frameworks/Python.framework/Versions/3.12/lib/python3.12/multiprocessing/connection.py", line 200, in send_bytes
    self._send_bytes(m[offset:offset + size])
  File "/opt/homebrew/Cellar/python@3.12/3.12.5/Frameworks/Python.framework/Versions/3.12/lib/python3.12/multiprocessing/connection.py", line 427, in _send_bytes
    self._send(header + buf)
  File "/opt/homebrew/Cellar/python@3.12/3.12.5/Frameworks/Python.framework/Versions/3.12/lib/python3.12/multiprocessing/connection.py", line 384, in _send
    n = write(self._handle, buf)
        ^^^^^^^^^^^^^^^^^^^^^^^^
BrokenPipeError: [Errno 32] Broken pipe
Process SpawnPoolWorker-7:
Traceback (most recent call last):
  File "/opt/homebrew/Cellar/python@3.12/3.12.5/Frameworks/Python.framework/Versions/3.12/lib/python3.12/multiprocessing/pool.py", line 131, in worker
    put((job, i, result))
  File "/opt/homebrew/Cellar/python@3.12/3.12.5/Frameworks/Python.framework/Versions/3.12/lib/python3.12/multiprocessing/queues.py", line 399, in put
    self._writer.send_bytes(obj)
  File "/opt/homebrew/Cellar/python@3.12/3.12.5/Frameworks/Python.framework/Versions/3.12/lib/python3.12/multiprocessing/connection.py", line 200, in send_bytes
    self._send_bytes(m[offset:offset + size])
  File "/opt/homebrew/Cellar/python@3.12/3.12.5/Frameworks/Python.framework/Versions/3.12/lib/python3.12/multiprocessing/connection.py", line 427, in _send_bytes
    self._send(header + buf)
  File "/opt/homebrew/Cellar/python@3.12/3.12.5/Frameworks/Python.framework/Versions/3.12/lib/python3.12/multiprocessing/connection.py", line 384, in _send
    n = write(self._handle, buf)
        ^^^^^^^^^^^^^^^^^^^^^^^^
BrokenPipeError: [Errno 32] Broken pipe

During handling of the above exception, another exception occurred:

Traceback (most recent call last):
  File "/opt/homebrew/Cellar/python@3.12/3.12.5/Frameworks/Python.framework/Versions/3.12/lib/python3.12/multiprocessing/process.py", line 314, in _bootstrap
    self.run()
  File "/opt/homebrew/Cellar/python@3.12/3.12.5/Frameworks/Python.framework/Versions/3.12/lib/python3.12/multiprocessing/process.py", line 108, in run
    self._target(*self._args, **self._kwargs)
  File "/opt/homebrew/Cellar/python@3.12/3.12.5/Frameworks/Python.framework/Versions/3.12/lib/python3.12/multiprocessing/pool.py", line 136, in worker
    put((job, i, (False, wrapped)))
  File "/opt/homebrew/Cellar/python@3.12/3.12.5/Frameworks/Python.framework/Versions/3.12/lib/python3.12/multiprocessing/queues.py", line 399, in put
    self._writer.send_bytes(obj)
  File "/opt/homebrew/Cellar/python@3.12/3.12.5/Frameworks/Python.framework/Versions/3.12/lib/python3.12/multiprocessing/connection.py", line 200, in send_bytes
    self._send_bytes(m[offset:offset + size])
  File "/opt/homebrew/Cellar/python@3.12/3.12.5/Frameworks/Python.framework/Versions/3.12/lib/python3.12/multiprocessing/connection.py", line 427, in _send_bytes
    self._send(header + buf)
  File "/opt/homebrew/Cellar/python@3.12/3.12.5/Frameworks/Python.framework/Versions/3.12/lib/python3.12/multiprocessing/connection.py", line 384, in _send
    n = write(self._handle, buf)
        ^^^^^^^^^^^^^^^^^^^^^^^^
BrokenPipeError: [Errno 32] Broken pipe
Process SpawnPoolWorker-5:
Traceback (most recent call last):
  File "/opt/homebrew/Cellar/python@3.12/3.12.5/Frameworks/Python.framework/Versions/3.12/lib/python3.12/multiprocessing/pool.py", line 131, in worker
    put((job, i, result))
  File "/opt/homebrew/Cellar/python@3.12/3.12.5/Frameworks/Python.framework/Versions/3.12/lib/python3.12/multiprocessing/queues.py", line 399, in put
    self._writer.send_bytes(obj)
  File "/opt/homebrew/Cellar/python@3.12/3.12.5/Frameworks/Python.framework/Versions/3.12/lib/python3.12/multiprocessing/connection.py", line 200, in send_bytes
    self._send_bytes(m[offset:offset + size])
  File "/opt/homebrew/Cellar/python@3.12/3.12.5/Frameworks/Python.framework/Versions/3.12/lib/python3.12/multiprocessing/connection.py", line 427, in _send_bytes
    self._send(header + buf)
  File "/opt/homebrew/Cellar/python@3.12/3.12.5/Frameworks/Python.framework/Versions/3.12/lib/python3.12/multiprocessing/connection.py", line 384, in _send
    n = write(self._handle, buf)
        ^^^^^^^^^^^^^^^^^^^^^^^^
BrokenPipeError: [Errno 32] Broken pipe

During handling of the above exception, another exception occurred:

Traceback (most recent call last):
  File "/opt/homebrew/Cellar/python@3.12/3.12.5/Frameworks/Python.framework/Versions/3.12/lib/python3.12/multiprocessing/process.py", line 314, in _bootstrap
    self.run()
  File "/opt/homebrew/Cellar/python@3.12/3.12.5/Frameworks/Python.framework/Versions/3.12/lib/python3.12/multiprocessing/process.py", line 108, in run
    self._target(*self._args, **self._kwargs)
  File "/opt/homebrew/Cellar/python@3.12/3.12.5/Frameworks/Python.framework/Versions/3.12/lib/python3.12/multiprocessing/pool.py", line 136, in worker
    put((job, i, (False, wrapped)))
  File "/opt/homebrew/Cellar/python@3.12/3.12.5/Frameworks/Python.framework/Versions/3.12/lib/python3.12/multiprocessing/queues.py", line 399, in put
    self._writer.send_bytes(obj)
  File "/opt/homebrew/Cellar/python@3.12/3.12.5/Frameworks/Python.framework/Versions/3.12/lib/python3.12/multiprocessing/connection.py", line 200, in send_bytes
    self._send_bytes(m[offset:offset + size])
  File "/opt/homebrew/Cellar/python@3.12/3.12.5/Frameworks/Python.framework/Versions/3.12/lib/python3.12/multiprocessing/connection.py", line 427, in _send_bytes
    self._send(header + buf)
  File "/opt/homebrew/Cellar/python@3.12/3.12.5/Frameworks/Python.framework/Versions/3.12/lib/python3.12/multiprocessing/connection.py", line 384, in _send
    n = write(self._handle, buf)
        ^^^^^^^^^^^^^^^^^^^^^^^^
BrokenPipeError: [Errno 32] Broken pipe
Process SpawnPoolWorker-1:
Traceback (most recent call last):
  File "/opt/homebrew/Cellar/python@3.12/3.12.5/Frameworks/Python.framework/Versions/3.12/lib/python3.12/multiprocessing/pool.py", line 131, in worker
    put((job, i, result))
  File "/opt/homebrew/Cellar/python@3.12/3.12.5/Frameworks/Python.framework/Versions/3.12/lib/python3.12/multiprocessing/queues.py", line 399, in put
    self._writer.send_bytes(obj)
  File "/opt/homebrew/Cellar/python@3.12/3.12.5/Frameworks/Python.framework/Versions/3.12/lib/python3.12/multiprocessing/connection.py", line 200, in send_bytes
    self._send_bytes(m[offset:offset + size])
  File "/opt/homebrew/Cellar/python@3.12/3.12.5/Frameworks/Python.framework/Versions/3.12/lib/python3.12/multiprocessing/connection.py", line 427, in _send_bytes
    self._send(header + buf)
  File "/opt/homebrew/Cellar/python@3.12/3.12.5/Frameworks/Python.framework/Versions/3.12/lib/python3.12/multiprocessing/connection.py", line 384, in _send
    n = write(self._handle, buf)
        ^^^^^^^^^^^^^^^^^^^^^^^^
BrokenPipeError: [Errno 32] Broken pipe

During handling of the above exception, another exception occurred:

Traceback (most recent call last):
  File "/opt/homebrew/Cellar/python@3.12/3.12.5/Frameworks/Python.framework/Versions/3.12/lib/python3.12/multiprocessing/process.py", line 314, in _bootstrap
    self.run()
  File "/opt/homebrew/Cellar/python@3.12/3.12.5/Frameworks/Python.framework/Versions/3.12/lib/python3.12/multiprocessing/process.py", line 108, in run
    self._target(*self._args, **self._kwargs)
  File "/opt/homebrew/Cellar/python@3.12/3.12.5/Frameworks/Python.framework/Versions/3.12/lib/python3.12/multiprocessing/pool.py", line 136, in worker
    put((job, i, (False, wrapped)))
  File "/opt/homebrew/Cellar/python@3.12/3.12.5/Frameworks/Python.framework/Versions/3.12/lib/python3.12/multiprocessing/queues.py", line 399, in put
    self._writer.send_bytes(obj)
  File "/opt/homebrew/Cellar/python@3.12/3.12.5/Frameworks/Python.framework/Versions/3.12/lib/python3.12/multiprocessing/connection.py", line 200, in send_bytes
    self._send_bytes(m[offset:offset + size])
  File "/opt/homebrew/Cellar/python@3.12/3.12.5/Frameworks/Python.framework/Versions/3.12/lib/python3.12/multiprocessing/connection.py", line 427, in _send_bytes
    self._send(header + buf)
  File "/opt/homebrew/Cellar/python@3.12/3.12.5/Frameworks/Python.framework/Versions/3.12/lib/python3.12/multiprocessing/connection.py", line 384, in _send
    n = write(self._handle, buf)
        ^^^^^^^^^^^^^^^^^^^^^^^^
BrokenPipeError: [Errno 32] Broken pipe
Process SpawnPoolWorker-3:
Traceback (most recent call last):
  File "/opt/homebrew/Cellar/python@3.12/3.12.5/Frameworks/Python.framework/Versions/3.12/lib/python3.12/multiprocessing/pool.py", line 131, in worker
    put((job, i, result))
  File "/opt/homebrew/Cellar/python@3.12/3.12.5/Frameworks/Python.framework/Versions/3.12/lib/python3.12/multiprocessing/queues.py", line 399, in put
    self._writer.send_bytes(obj)
  File "/opt/homebrew/Cellar/python@3.12/3.12.5/Frameworks/Python.framework/Versions/3.12/lib/python3.12/multiprocessing/connection.py", line 200, in send_bytes
    self._send_bytes(m[offset:offset + size])
  File "/opt/homebrew/Cellar/python@3.12/3.12.5/Frameworks/Python.framework/Versions/3.12/lib/python3.12/multiprocessing/connection.py", line 427, in _send_bytes
    self._send(header + buf)
  File "/opt/homebrew/Cellar/python@3.12/3.12.5/Frameworks/Python.framework/Versions/3.12/lib/python3.12/multiprocessing/connection.py", line 384, in _send
    n = write(self._handle, buf)
        ^^^^^^^^^^^^^^^^^^^^^^^^
BrokenPipeError: [Errno 32] Broken pipe

During handling of the above exception, another exception occurred:

Traceback (most recent call last):
  File "/opt/homebrew/Cellar/python@3.12/3.12.5/Frameworks/Python.framework/Versions/3.12/lib/python3.12/multiprocessing/process.py", line 314, in _bootstrap
    self.run()
  File "/opt/homebrew/Cellar/python@3.12/3.12.5/Frameworks/Python.framework/Versions/3.12/lib/python3.12/multiprocessing/process.py", line 108, in run
    self._target(*self._args, **self._kwargs)
  File "/opt/homebrew/Cellar/python@3.12/3.12.5/Frameworks/Python.framework/Versions/3.12/lib/python3.12/multiprocessing/pool.py", line 136, in worker
    put((job, i, (False, wrapped)))
  File "/opt/homebrew/Cellar/python@3.12/3.12.5/Frameworks/Python.framework/Versions/3.12/lib/python3.12/multiprocessing/queues.py", line 399, in put
    self._writer.send_bytes(obj)
  File "/opt/homebrew/Cellar/python@3.12/3.12.5/Frameworks/Python.framework/Versions/3.12/lib/python3.12/multiprocessing/connection.py", line 200, in send_bytes
    self._send_bytes(m[offset:offset + size])
  File "/opt/homebrew/Cellar/python@3.12/3.12.5/Frameworks/Python.framework/Versions/3.12/lib/python3.12/multiprocessing/connection.py", line 427, in _send_bytes
    self._send(header + buf)
  File "/opt/homebrew/Cellar/python@3.12/3.12.5/Frameworks/Python.framework/Versions/3.12/lib/python3.12/multiprocessing/connection.py", line 384, in _send
    n = write(self._handle, buf)
        ^^^^^^^^^^^^^^^^^^^^^^^^
BrokenPipeError: [Errno 32] Broken pipe
Process SpawnPoolWorker-4:
Traceback (most recent call last):
  File "/opt/homebrew/Cellar/python@3.12/3.12.5/Frameworks/Python.framework/Versions/3.12/lib/python3.12/multiprocessing/pool.py", line 131, in worker
    put((job, i, result))
  File "/opt/homebrew/Cellar/python@3.12/3.12.5/Frameworks/Python.framework/Versions/3.12/lib/python3.12/multiprocessing/queues.py", line 399, in put
    self._writer.send_bytes(obj)
  File "/opt/homebrew/Cellar/python@3.12/3.12.5/Frameworks/Python.framework/Versions/3.12/lib/python3.12/multiprocessing/connection.py", line 200, in send_bytes
    self._send_bytes(m[offset:offset + size])
  File "/opt/homebrew/Cellar/python@3.12/3.12.5/Frameworks/Python.framework/Versions/3.12/lib/python3.12/multiprocessing/connection.py", line 427, in _send_bytes
    self._send(header + buf)
  File "/opt/homebrew/Cellar/python@3.12/3.12.5/Frameworks/Python.framework/Versions/3.12/lib/python3.12/multiprocessing/connection.py", line 384, in _send
    n = write(self._handle, buf)
        ^^^^^^^^^^^^^^^^^^^^^^^^
BrokenPipeError: [Errno 32] Broken pipe

During handling of the above exception, another exception occurred:

Traceback (most recent call last):
  File "/opt/homebrew/Cellar/python@3.12/3.12.5/Frameworks/Python.framework/Versions/3.12/lib/python3.12/multiprocessing/process.py", line 314, in _bootstrap
    self.run()
  File "/opt/homebrew/Cellar/python@3.12/3.12.5/Frameworks/Python.framework/Versions/3.12/lib/python3.12/multiprocessing/process.py", line 108, in run
    self._target(*self._args, **self._kwargs)
  File "/opt/homebrew/Cellar/python@3.12/3.12.5/Frameworks/Python.framework/Versions/3.12/lib/python3.12/multiprocessing/pool.py", line 136, in worker
    put((job, i, (False, wrapped)))
  File "/opt/homebrew/Cellar/python@3.12/3.12.5/Frameworks/Python.framework/Versions/3.12/lib/python3.12/multiprocessing/queues.py", line 399, in put
    self._writer.send_bytes(obj)
  File "/opt/homebrew/Cellar/python@3.12/3.12.5/Frameworks/Python.framework/Versions/3.12/lib/python3.12/multiprocessing/connection.py", line 200, in send_bytes
    self._send_bytes(m[offset:offset + size])
  File "/opt/homebrew/Cellar/python@3.12/3.12.5/Frameworks/Python.framework/Versions/3.12/lib/python3.12/multiprocessing/connection.py", line 427, in _send_bytes
    self._send(header + buf)
  File "/opt/homebrew/Cellar/python@3.12/3.12.5/Frameworks/Python.framework/Versions/3.12/lib/python3.12/multiprocessing/connection.py", line 384, in _send
    n = write(self._handle, buf)
        ^^^^^^^^^^^^^^^^^^^^^^^^
BrokenPipeError: [Errno 32] Broken pipe
Process SpawnPoolWorker-6:
Traceback (most recent call last):
  File "/opt/homebrew/Cellar/python@3.12/3.12.5/Frameworks/Python.framework/Versions/3.12/lib/python3.12/multiprocessing/pool.py", line 131, in worker
    put((job, i, result))
  File "/opt/homebrew/Cellar/python@3.12/3.12.5/Frameworks/Python.framework/Versions/3.12/lib/python3.12/multiprocessing/queues.py", line 399, in put
    self._writer.send_bytes(obj)
  File "/opt/homebrew/Cellar/python@3.12/3.12.5/Frameworks/Python.framework/Versions/3.12/lib/python3.12/multiprocessing/connection.py", line 200, in send_bytes
    self._send_bytes(m[offset:offset + size])
  File "/opt/homebrew/Cellar/python@3.12/3.12.5/Frameworks/Python.framework/Versions/3.12/lib/python3.12/multiprocessing/connection.py", line 427, in _send_bytes
    self._send(header + buf)
  File "/opt/homebrew/Cellar/python@3.12/3.12.5/Frameworks/Python.framework/Versions/3.12/lib/python3.12/multiprocessing/connection.py", line 384, in _send
    n = write(self._handle, buf)
        ^^^^^^^^^^^^^^^^^^^^^^^^
BrokenPipeError: [Errno 32] Broken pipe

During handling of the above exception, another exception occurred:

Traceback (most recent call last):
  File "/opt/homebrew/Cellar/python@3.12/3.12.5/Frameworks/Python.framework/Versions/3.12/lib/python3.12/multiprocessing/process.py", line 314, in _bootstrap
    self.run()
  File "/opt/homebrew/Cellar/python@3.12/3.12.5/Frameworks/Python.framework/Versions/3.12/lib/python3.12/multiprocessing/process.py", line 108, in run
    self._target(*self._args, **self._kwargs)
  File "/opt/homebrew/Cellar/python@3.12/3.12.5/Frameworks/Python.framework/Versions/3.12/lib/python3.12/multiprocessing/pool.py", line 136, in worker
    put((job, i, (False, wrapped)))
  File "/opt/homebrew/Cellar/python@3.12/3.12.5/Frameworks/Python.framework/Versions/3.12/lib/python3.12/multiprocessing/queues.py", line 399, in put
    self._writer.send_bytes(obj)
  File "/opt/homebrew/Cellar/python@3.12/3.12.5/Frameworks/Python.framework/Versions/3.12/lib/python3.12/multiprocessing/connection.py", line 200, in send_bytes
    self._send_bytes(m[offset:offset + size])
  File "/opt/homebrew/Cellar/python@3.12/3.12.5/Frameworks/Python.framework/Versions/3.12/lib/python3.12/multiprocessing/connection.py", line 427, in _send_bytes
    self._send(header + buf)
  File "/opt/homebrew/Cellar/python@3.12/3.12.5/Frameworks/Python.framework/Versions/3.12/lib/python3.12/multiprocessing/connection.py", line 384, in _send
    n = write(self._handle, buf)
        ^^^^^^^^^^^^^^^^^^^^^^^^
BrokenPipeError: [Errno 32] Broken pipe
/opt/homebrew/Cellar/python@3.12/3.12.5/Frameworks/Python.framework/Versions/3.12/lib/python3.12/multiprocessing/resource_tracker.py:254: UserWarning: resource_tracker: There appear to be 6 leaked semaphore objects to clean up at shutdown
  warnings.warn('resource_tracker: There appear to be %d '
Completed iteration: player_hand_value 4, house_hand_value 4
Completed iteration: player_hand_value 4, house_hand_value 5
Completed iteration: player_hand_value 4, house_hand_value 6
Completed iteration: player_hand_value 4, house_hand_value 7
Completed iteration: player_hand_value 4, house_hand_value 8
Completed iteration: player_hand_value 4, house_hand_value 9
Completed iteration: player_hand_value 4, house_hand_value 10
Completed iteration: player_hand_value 4, house_hand_value 11
Completed iteration: player_hand_value 4, house_hand_value 12
Completed iteration: player_hand_value 4, house_hand_value 13
Completed iteration: player_hand_value 4, house_hand_value 14
Completed iteration: player_hand_value 4, house_hand_value 15
Completed iteration: player_hand_value 4, house_hand_value 16
Completed iteration: player_hand_value 4, house_hand_value 17
Completed iteration: player_hand_value 4, house_hand_value 18
Completed iteration: player_hand_value 4, house_hand_value 19
Completed iteration: player_hand_value 4, house_hand_value 20
Completed iteration: player_hand_value 5, house_hand_value 4
Completed iteration: player_hand_value 5, house_hand_value 5
Completed iteration: player_hand_value 5, house_hand_value 6
Completed iteration: player_hand_value 5, house_hand_value 7
Completed iteration: player_hand_value 5, house_hand_value 8
Completed iteration: player_hand_value 5, house_hand_value 9
Completed iteration: player_hand_value 5, house_hand_value 10
Completed iteration: player_hand_value 5, house_hand_value 11
Completed iteration: player_hand_value 5, house_hand_value 12
Completed iteration: player_hand_value 5, house_hand_value 13
Completed iteration: player_hand_value 5, house_hand_value 14
Completed iteration: player_hand_value 5, house_hand_value 15
Completed iteration: player_hand_value 5, house_hand_value 16
Completed iteration: player_hand_value 5, house_hand_value 17
Completed iteration: player_hand_value 5, house_hand_value 18
Completed iteration: player_hand_value 5, house_hand_value 19
Completed iteration: player_hand_value 5, house_hand_value 20
Completed iteration: player_hand_value 6, house_hand_value 4
Completed iteration: player_hand_value 6, house_hand_value 5
Completed iteration: player_hand_value 6, house_hand_value 6
Completed iteration: player_hand_value 6, house_hand_value 7
Completed iteration: player_hand_value 6, house_hand_value 8
Completed iteration: player_hand_value 6, house_hand_value 9
Completed iteration: player_hand_value 6, house_hand_value 10
Completed iteration: player_hand_value 6, house_hand_value 11
Completed iteration: player_hand_value 6, house_hand_value 12
Completed iteration: player_hand_value 6, house_hand_value 13
Completed iteration: player_hand_value 6, house_hand_value 14
Completed iteration: player_hand_value 6, house_hand_value 15
Completed iteration: player_hand_value 6, house_hand_value 16
Completed iteration: player_hand_value 6, house_hand_value 17
Completed iteration: player_hand_value 6, house_hand_value 18
Completed iteration: player_hand_value 6, house_hand_value 19
Completed iteration: player_hand_value 6, house_hand_value 20
Completed iteration: player_hand_value 7, house_hand_value 4
Completed iteration: player_hand_value 7, house_hand_value 5
Completed iteration: player_hand_value 7, house_hand_value 6
Completed iteration: player_hand_value 7, house_hand_value 7
Completed iteration: player_hand_value 7, house_hand_value 8
Completed iteration: player_hand_value 7, house_hand_value 9
Completed iteration: player_hand_value 7, house_hand_value 10
Completed iteration: player_hand_value 7, house_hand_value 11
Completed iteration: player_hand_value 7, house_hand_value 12
Completed iteration: player_hand_value 7, house_hand_value 13
Completed iteration: player_hand_value 7, house_hand_value 14
Completed iteration: player_hand_value 7, house_hand_value 15
Completed iteration: player_hand_value 7, house_hand_value 16
Completed iteration: player_hand_value 7, house_hand_value 17
Completed iteration: player_hand_value 7, house_hand_value 18
Completed iteration: player_hand_value 7, house_hand_value 19
Completed iteration: player_hand_value 7, house_hand_value 20
Completed iteration: player_hand_value 8, house_hand_value 4
Completed iteration: player_hand_value 8, house_hand_value 5
Completed iteration: player_hand_value 8, house_hand_value 6
Completed iteration: player_hand_value 8, house_hand_value 7
Completed iteration: player_hand_value 8, house_hand_value 8
Completed iteration: player_hand_value 8, house_hand_value 9
Completed iteration: player_hand_value 8, house_hand_value 10
Completed iteration: player_hand_value 8, house_hand_value 11
Completed iteration: player_hand_value 8, house_hand_value 12
Completed iteration: player_hand_value 8, house_hand_value 13
Completed iteration: player_hand_value 8, house_hand_value 14
Completed iteration: player_hand_value 8, house_hand_value 15
Completed iteration: player_hand_value 8, house_hand_value 16
Completed iteration: player_hand_value 8, house_hand_value 17
Completed iteration: player_hand_value 8, house_hand_value 18
Completed iteration: player_hand_value 8, house_hand_value 19
Completed iteration: player_hand_value 8, house_hand_value 20
Completed iteration: player_hand_value 9, house_hand_value 4
Completed iteration: player_hand_value 9, house_hand_value 5
Completed iteration: player_hand_value 9, house_hand_value 6
Completed iteration: player_hand_value 9, house_hand_value 7
Completed iteration: player_hand_value 9, house_hand_value 8
Completed iteration: player_hand_value 9, house_hand_value 9
Completed iteration: player_hand_value 9, house_hand_value 10
Completed iteration: player_hand_value 9, house_hand_value 11
Completed iteration: player_hand_value 9, house_hand_value 12
Completed iteration: player_hand_value 9, house_hand_value 13
Completed iteration: player_hand_value 9, house_hand_value 14
Completed iteration: player_hand_value 9, house_hand_value 15
Completed iteration: player_hand_value 9, house_hand_value 16
Completed iteration: player_hand_value 9, house_hand_value 17
Completed iteration: player_hand_value 9, house_hand_value 18
Completed iteration: player_hand_value 9, house_hand_value 19
Completed iteration: player_hand_value 9, house_hand_value 20
Completed iteration: player_hand_value 10, house_hand_value 4
Completed iteration: player_hand_value 10, house_hand_value 5
Completed iteration: player_hand_value 10, house_hand_value 6
Completed iteration: player_hand_value 10, house_hand_value 7
Completed iteration: player_hand_value 10, house_hand_value 8
Completed iteration: player_hand_value 10, house_hand_value 9
Completed iteration: player_hand_value 10, house_hand_value 10
Completed iteration: player_hand_value 10, house_hand_value 11
Completed iteration: player_hand_value 10, house_hand_value 12
Completed iteration: player_hand_value 10, house_hand_value 13
Completed iteration: player_hand_value 10, house_hand_value 14
Completed iteration: player_hand_value 10, house_hand_value 15
Completed iteration: player_hand_value 10, house_hand_value 16
Completed iteration: player_hand_value 10, house_hand_value 17
Completed iteration: player_hand_value 10, house_hand_value 18
Completed iteration: player_hand_value 10, house_hand_value 19
Completed iteration: player_hand_value 10, house_hand_value 20
Completed iteration: player_hand_value 11, house_hand_value 4
Completed iteration: player_hand_value 11, house_hand_value 5
Completed iteration: player_hand_value 11, house_hand_value 6
Completed iteration: player_hand_value 11, house_hand_value 7
Completed iteration: player_hand_value 11, house_hand_value 8
Completed iteration: player_hand_value 11, house_hand_value 9
Completed iteration: player_hand_value 11, house_hand_value 10
Completed iteration: player_hand_value 11, house_hand_value 11
Completed iteration: player_hand_value 11, house_hand_value 12
Completed iteration: player_hand_value 11, house_hand_value 13
Completed iteration: player_hand_value 11, house_hand_value 14
Completed iteration: player_hand_value 11, house_hand_value 15
Completed iteration: player_hand_value 11, house_hand_value 16
Completed iteration: player_hand_value 11, house_hand_value 17
Completed iteration: player_hand_value 11, house_hand_value 18
Completed iteration: player_hand_value 11, house_hand_value 19
Completed iteration: player_hand_value 11, house_hand_value 20
Completed iteration: player_hand_value 12, house_hand_value 4
Completed iteration: player_hand_value 12, house_hand_value 5
Completed iteration: player_hand_value 12, house_hand_value 6
Completed iteration: player_hand_value 12, house_hand_value 7
Completed iteration: player_hand_value 12, house_hand_value 8
Completed iteration: player_hand_value 12, house_hand_value 9
Completed iteration: player_hand_value 12, house_hand_value 10
Completed iteration: player_hand_value 12, house_hand_value 11
Completed iteration: player_hand_value 12, house_hand_value 12
Completed iteration: player_hand_value 12, house_hand_value 13
Completed iteration: player_hand_value 12, house_hand_value 14
Completed iteration: player_hand_value 12, house_hand_value 15
Completed iteration: player_hand_value 12, house_hand_value 16
Completed iteration: player_hand_value 12, house_hand_value 17
Completed iteration: player_hand_value 12, house_hand_value 18
Completed iteration: player_hand_value 12, house_hand_value 19
Completed iteration: player_hand_value 12, house_hand_value 20
Completed iteration: player_hand_value 13, house_hand_value 4
Completed iteration: player_hand_value 13, house_hand_value 5
Completed iteration: player_hand_value 13, house_hand_value 6
Completed iteration: player_hand_value 13, house_hand_value 7
Completed iteration: player_hand_value 13, house_hand_value 8
Completed iteration: player_hand_value 13, house_hand_value 9
Completed iteration: player_hand_value 13, house_hand_value 10
Completed iteration: player_hand_value 13, house_hand_value 11
Completed iteration: player_hand_value 13, house_hand_value 12
Completed iteration: player_hand_value 13, house_hand_value 13
Completed iteration: player_hand_value 13, house_hand_value 14
Completed iteration: player_hand_value 13, house_hand_value 15
Completed iteration: player_hand_value 13, house_hand_value 16
Completed iteration: player_hand_value 13, house_hand_value 17
Completed iteration: player_hand_value 13, house_hand_value 18
Completed iteration: player_hand_value 13, house_hand_value 19
Completed iteration: player_hand_value 13, house_hand_value 20
Completed iteration: player_hand_value 14, house_hand_value 4
Completed iteration: player_hand_value 14, house_hand_value 5
Completed iteration: player_hand_value 14, house_hand_value 6
Completed iteration: player_hand_value 14, house_hand_value 7
Completed iteration: player_hand_value 14, house_hand_value 8
Completed iteration: player_hand_value 14, house_hand_value 9
Completed iteration: player_hand_value 14, house_hand_value 10
Completed iteration: player_hand_value 14, house_hand_value 11
Completed iteration: player_hand_value 14, house_hand_value 12
Completed iteration: player_hand_value 14, house_hand_value 13
Completed iteration: player_hand_value 14, house_hand_value 14
Completed iteration: player_hand_value 14, house_hand_value 15
Completed iteration: player_hand_value 14, house_hand_value 16
Completed iteration: player_hand_value 14, house_hand_value 17
Completed iteration: player_hand_value 14, house_hand_value 18
Completed iteration: player_hand_value 14, house_hand_value 19
Completed iteration: player_hand_value 14, house_hand_value 20
Completed iteration: player_hand_value 15, house_hand_value 4
Completed iteration: player_hand_value 15, house_hand_value 5
Completed iteration: player_hand_value 15, house_hand_value 6
Completed iteration: player_hand_value 15, house_hand_value 7
Completed iteration: player_hand_value 15, house_hand_value 8
Completed iteration: player_hand_value 15, house_hand_value 9
Completed iteration: player_hand_value 15, house_hand_value 10
Completed iteration: player_hand_value 15, house_hand_value 11
Completed iteration: player_hand_value 15, house_hand_value 12
Completed iteration: player_hand_value 15, house_hand_value 13
Completed iteration: player_hand_value 15, house_hand_value 14
Completed iteration: player_hand_value 15, house_hand_value 15
Completed iteration: player_hand_value 15, house_hand_value 16
Completed iteration: player_hand_value 15, house_hand_value 17
Completed iteration: player_hand_value 15, house_hand_value 18
Completed iteration: player_hand_value 15, house_hand_value 19
Completed iteration: player_hand_value 15, house_hand_value 20
Completed iteration: player_hand_value 16, house_hand_value 4
Completed iteration: player_hand_value 16, house_hand_value 5
Completed iteration: player_hand_value 16, house_hand_value 6
Completed iteration: player_hand_value 16, house_hand_value 7
Completed iteration: player_hand_value 16, house_hand_value 8
Completed iteration: player_hand_value 16, house_hand_value 9
Completed iteration: player_hand_value 16, house_hand_value 10
Completed iteration: player_hand_value 16, house_hand_value 11
Completed iteration: player_hand_value 16, house_hand_value 12
Completed iteration: player_hand_value 16, house_hand_value 13
Completed iteration: player_hand_value 16, house_hand_value 14
Completed iteration: player_hand_value 16, house_hand_value 15
Completed iteration: player_hand_value 16, house_hand_value 16
Completed iteration: player_hand_value 16, house_hand_value 17
Completed iteration: player_hand_value 16, house_hand_value 18
Completed iteration: player_hand_value 16, house_hand_value 19
Completed iteration: player_hand_value 16, house_hand_value 20
Completed iteration: player_hand_value 17, house_hand_value 4
Completed iteration: player_hand_value 17, house_hand_value 5
Completed iteration: player_hand_value 17, house_hand_value 6
Completed iteration: player_hand_value 17, house_hand_value 7
Completed iteration: player_hand_value 17, house_hand_value 8
Completed iteration: player_hand_value 17, house_hand_value 9
Completed iteration: player_hand_value 17, house_hand_value 10
Completed iteration: player_hand_value 17, house_hand_value 11
Completed iteration: player_hand_value 17, house_hand_value 12
Completed iteration: player_hand_value 17, house_hand_value 13
Completed iteration: player_hand_value 17, house_hand_value 14
Completed iteration: player_hand_value 17, house_hand_value 15
Completed iteration: player_hand_value 17, house_hand_value 16
Completed iteration: player_hand_value 17, house_hand_value 17
Completed iteration: player_hand_value 17, house_hand_value 18
Completed iteration: player_hand_value 17, house_hand_value 19
Completed iteration: player_hand_value 17, house_hand_value 20
Completed iteration: player_hand_value 18, house_hand_value 4
Completed iteration: player_hand_value 18, house_hand_value 5
Completed iteration: player_hand_value 18, house_hand_value 6
Completed iteration: player_hand_value 18, house_hand_value 7
Completed iteration: player_hand_value 18, house_hand_value 8
Completed iteration: player_hand_value 18, house_hand_value 9
Completed iteration: player_hand_value 18, house_hand_value 10
Completed iteration: player_hand_value 18, house_hand_value 11
Completed iteration: player_hand_value 18, house_hand_value 12
Completed iteration: player_hand_value 18, house_hand_value 13
Completed iteration: player_hand_value 18, house_hand_value 14
Completed iteration: player_hand_value 18, house_hand_value 15
Completed iteration: player_hand_value 18, house_hand_value 16
Completed iteration: player_hand_value 18, house_hand_value 17
Completed iteration: player_hand_value 18, house_hand_value 18
Completed iteration: player_hand_value 18, house_hand_value 19
Completed iteration: player_hand_value 18, house_hand_value 20
Completed iteration: player_hand_value 19, house_hand_value 4
Completed iteration: player_hand_value 19, house_hand_value 5
Completed iteration: player_hand_value 19, house_hand_value 6
Completed iteration: player_hand_value 19, house_hand_value 7
Completed iteration: player_hand_value 19, house_hand_value 8
Completed iteration: player_hand_value 19, house_hand_value 9
Completed iteration: player_hand_value 19, house_hand_value 10
Completed iteration: player_hand_value 19, house_hand_value 11
Completed iteration: player_hand_value 19, house_hand_value 12
Completed iteration: player_hand_value 19, house_hand_value 13
Completed iteration: player_hand_value 19, house_hand_value 14
Completed iteration: player_hand_value 19, house_hand_value 15
Completed iteration: player_hand_value 19, house_hand_value 16
Completed iteration: player_hand_value 19, house_hand_value 17
Completed iteration: player_hand_value 19, house_hand_value 18
Completed iteration: player_hand_value 19, house_hand_value 19
Completed iteration: player_hand_value 19, house_hand_value 20
Completed iteration: player_hand_value 20, house_hand_value 4
Completed iteration: player_hand_value 20, house_hand_value 5
Completed iteration: player_hand_value 20, house_hand_value 6
Completed iteration: player_hand_value 20, house_hand_value 7
Completed iteration: player_hand_value 20, house_hand_value 8
Completed iteration: player_hand_value 20, house_hand_value 9
Completed iteration: player_hand_value 20, house_hand_value 10
Completed iteration: player_hand_value 20, house_hand_value 11
Completed iteration: player_hand_value 20, house_hand_value 12
Completed iteration: player_hand_value 20, house_hand_value 13
Completed iteration: player_hand_value 20, house_hand_value 14
Completed iteration: player_hand_value 20, house_hand_value 15
Completed iteration: player_hand_value 20, house_hand_value 16
Completed iteration: player_hand_value 20, house_hand_value 17
Completed iteration: player_hand_value 20, house_hand_value 18
Completed iteration: player_hand_value 20, house_hand_value 19
Completed iteration: player_hand_value 20, house_hand_value 20
Simulation Complete!
